0 info it worked if it ends with ok
1 verbose cli [ 'C:\\Program Files\\nodejs\\node.exe',
1 verbose cli   'C:\\Program Files\\nodejs\\node_modules\\npm\\bin\\npm-cli.js',
1 verbose cli   'start' ]
2 info using npm@3.10.9
3 info using node@v7.2.0
4 verbose run-script [ 'prestart', 'start', 'poststart' ]
5 info lifecycle ghost@0.11.3~prestart: ghost@0.11.3
6 silly lifecycle ghost@0.11.3~prestart: no script for prestart, continuing
7 info lifecycle ghost@0.11.3~start: ghost@0.11.3
8 verbose lifecycle ghost@0.11.3~start: unsafe-perm in lifecycle true
9 verbose lifecycle ghost@0.11.3~start: PATH: C:\Users\PUGE\AppData\Roaming\nvm\v7.2.0\node_modules\npm\bin\node-gyp-bin;C:\Users\PUGE\Documents\GitHub\owo.ink\node_modules\.bin;C:\Windows\system32;C:\Windows;C:\Windows\System32\Wbem;C:\Windows\System32\WindowsPowerShell\v1.0\;C:\Users\PUGE\AppData\Local\Microsoft\WindowsApps;C:\Users\PUGE\AppData\Roaming\nvm;C:\Program Files\nodejs;C:\Program Files\nodejs\;C:\Users\PUGE\AppData\Local\Microsoft\WindowsApps;C:\Users\PUGE\AppData\Roaming\nvm;C:\Program Files\nodejs;C:\Users\PUGE\AppData\Roaming\npm;C:\Program Files (x86)\Microsoft VS Code\bin
10 verbose lifecycle ghost@0.11.3~start: CWD: C:\Users\PUGE\Documents\GitHub\owo.ink
11 silly lifecycle ghost@0.11.3~start: Args: [ '/d /s /c', 'node index' ]
12 silly lifecycle ghost@0.11.3~start: Returned: code: 4294967295  signal: null
13 info lifecycle ghost@0.11.3~start: Failed to exec start script
14 verbose stack Error: ghost@0.11.3 start: `node index`
14 verbose stack Exit status 4294967295
14 verbose stack     at EventEmitter.<anonymous> (C:\Users\PUGE\AppData\Roaming\nvm\v7.2.0\node_modules\npm\lib\utils\lifecycle.js:255:16)
14 verbose stack     at emitTwo (events.js:106:13)
14 verbose stack     at EventEmitter.emit (events.js:191:7)
14 verbose stack     at ChildProcess.<anonymous> (C:\Users\PUGE\AppData\Roaming\nvm\v7.2.0\node_modules\npm\lib\utils\spawn.js:40:14)
14 verbose stack     at emitTwo (events.js:106:13)
14 verbose stack     at ChildProcess.emit (events.js:191:7)
14 verbose stack     at maybeClose (internal/child_process.js:885:16)
14 verbose stack     at Process.ChildProcess._handle.onexit (internal/child_process.js:226:5)
15 verbose pkgid ghost@0.11.3
16 verbose cwd C:\Users\PUGE\Documents\GitHub\owo.ink
17 error Windows_NT 10.0.14393
18 error argv "C:\\Program Files\\nodejs\\node.exe" "C:\\Program Files\\nodejs\\node_modules\\npm\\bin\\npm-cli.js" "start"
19 error node v7.2.0
20 error npm  v3.10.9
21 error code ELIFECYCLE
22 error ghost@0.11.3 start: `node index`
22 error Exit status 4294967295
23 error Failed at the ghost@0.11.3 start script 'node index'.
23 error Make sure you have the latest version of node.js and npm installed.
23 error If you do, this is most likely a problem with the ghost package,
23 error not with npm itself.
23 error Tell the author that this fails on your system:
23 error     node index
23 error You can get information on how to open an issue for this project with:
23 error     npm bugs ghost
23 error Or if that isn't available, you can get their info via:
23 error     npm owner ls ghost
23 error There is likely additional logging output above.
24 verbose exit [ 1, true ]
